Copyright 1986-2022 Xilinx, Inc. All Rights Reserved. Copyright 2022-2024 Advanced Micro Devices, Inc. All Rights Reserved.
---------------------------------------------------------------------------------------------------------------------------------------------
| Tool Version : Vivado v.2024.1 (win64) Build 5076996 Wed May 22 18:37:14 MDT 2024
| Date         : Wed Dec 11 17:29:15 2024
| Host         : NickAsusRogSrix running 64-bit major release  (build 9200)
| Command      : report_timing -file obj/post_synth_timing.rpt
| Design       : top_level
| Device       : 7s50-csga324
| Speed File   : -1  PRODUCTION 1.23 2018-06-13
| Design State : Synthesized
---------------------------------------------------------------------------------------------------------------------------------------------

Timing Report

Slack (MET) :             0.131ns  (required time - arrival time)
  Source:                 crw/FSM_onehot_state_reg[1]/C
                            (rising edge-triggered cell FDRE clocked by clk_camera_cw_fast  {rise@0.000ns fall@2.500ns period=5.000ns})
  Destination:            crw/sccb_c/data_reg_reg[0]/R
                            (rising edge-triggered cell FDRE clocked by clk_camera_cw_fast  {rise@0.000ns fall@2.500ns period=5.000ns})
  Path Group:             clk_camera_cw_fast
  Path Type:              Setup (Max at Slow Process Corner)
  Requirement:            5.000ns  (clk_camera_cw_fast rise@5.000ns - clk_camera_cw_fast rise@0.000ns)
  Data Path Delay:        4.224ns  (logic 1.123ns (26.586%)  route 3.101ns (73.414%))
  Logic Levels:           4  (LUT2=1 LUT5=2 LUT6=1)
  Clock Path Skew:        -0.145ns (DCD - SCD + CPR)
    Destination Clock Delay (DCD):    -2.794ns = ( 2.206 - 5.000 ) 
    Source Clock Delay      (SCD):    -3.108ns
    Clock Pessimism Removal (CPR):    -0.459ns
  Clock Uncertainty:      0.067ns  ((TSJ^2 + DJ^2)^1/2) / 2 + PE
    Total System Jitter     (TSJ):    0.071ns
    Discrete Jitter          (DJ):    0.113ns
    Phase Error              (PE):    0.000ns

    Location             Delay type                Incr(ns)  Path(ns)    Netlist Resource(s)
  -------------------------------------------------------------------    -------------------
                         (clock clk_camera_cw_fast rise edge)
                                                      0.000     0.000 r  
    N15                                               0.000     0.000 r  clk_100mhz (IN)
                         net (fo=0)                   0.000     0.000    wizard_migcam/clk_100mhz
    N15                  IBUF (Prop_ibuf_I_O)         1.440     1.440 r  wizard_migcam/clkin1_ibufg/O
                         net (fo=1, unplaced)         0.584     2.024    wizard_migcam/clk_in1_cw_fast
                         PLLE2_ADV (Prop_plle2_adv_CLKIN1_CLKOUT2)
                                                     -6.612    -4.587 r  wizard_migcam/plle2_adv_inst/CLKOUT2
                         net (fo=1, unplaced)         0.800    -3.788    wizard_migcam/clk_camera_cw_fast
                         BUFG (Prop_bufg_I_O)         0.096    -3.692 r  wizard_migcam/clkout3_buf/O
                         net (fo=255, unplaced)       0.584    -3.108    crw/clk_camera
                         FDRE                                         r  crw/FSM_onehot_state_reg[1]/C
  -------------------------------------------------------------------    -------------------
                         FDRE (Prop_fdre_C_Q)         0.456    -2.652 f  crw/FSM_onehot_state_reg[1]/Q
                         net (fo=10, unplaced)        0.849    -1.803    crw/sccb_c/Q[1]
                         LUT5 (Prop_lut5_I0_O)        0.295    -1.508 r  crw/sccb_c/FSM_onehot_state[8]_i_3/O
                         net (fo=4, unplaced)         0.473    -1.035    crw/sccb_c/FSM_onehot_state_reg[1]
                         LUT5 (Prop_lut5_I4_O)        0.124    -0.911 r  crw/sccb_c/FSM_onehot_state_reg[8]_i_2/O
                         net (fo=4, unplaced)         0.473    -0.438    crw/sccb_c/FSM_onehot_state_reg[8]_i_2_n_2
                         LUT6 (Prop_lut6_I4_O)        0.124    -0.314 r  crw/sccb_c/data_reg[7]_i_2/O
                         net (fo=10, unplaced)        0.492     0.178    crw/sccb_c/data_reg[7]_i_2_n_2
                         LUT2 (Prop_lut2_I0_O)        0.124     0.302 r  crw/sccb_c/data_reg[7]_i_1/O
                         net (fo=8, unplaced)         0.814     1.116    crw/sccb_c/data_reg[7]_i_1_n_2
                         FDRE                                         r  crw/sccb_c/data_reg_reg[0]/R
  -------------------------------------------------------------------    -------------------

                         (clock clk_camera_cw_fast rise edge)
                                                      5.000     5.000 r  
    N15                                               0.000     5.000 r  clk_100mhz (IN)
                         net (fo=0)                   0.000     5.000    wizard_migcam/clk_100mhz
    N15                  IBUF (Prop_ibuf_I_O)         1.370     6.370 r  wizard_migcam/clkin1_ibufg/O
                         net (fo=1, unplaced)         0.439     6.809    wizard_migcam/clk_in1_cw_fast
                         PLLE2_ADV (Prop_plle2_adv_CLKIN1_CLKOUT2)
                                                     -5.893     0.916 r  wizard_migcam/plle2_adv_inst/CLKOUT2
                         net (fo=1, unplaced)         0.760     1.676    wizard_migcam/clk_camera_cw_fast
                         BUFG (Prop_bufg_I_O)         0.091     1.767 r  wizard_migcam/clkout3_buf/O
                         net (fo=255, unplaced)       0.439     2.206    crw/sccb_c/clk_camera
                         FDRE                                         r  crw/sccb_c/data_reg_reg[0]/C
                         clock pessimism             -0.459     1.747    
                         clock uncertainty           -0.067     1.681    
                         FDRE (Setup_fdre_C_R)       -0.433     1.248    crw/sccb_c/data_reg_reg[0]
  -------------------------------------------------------------------
                         required time                          1.248    
                         arrival time                          -1.116    
  -------------------------------------------------------------------
                         slack                                  0.131    




