#! /c/Source/iverilog-install/bin/vvp
:ivl_version "12.0 (devel)" "(s20150603-1539-g2693dd32b)";
:ivl_delay_selection "TYPICAL";
:vpi_time_precision - 12;
:vpi_module "C:\iverilog\lib\ivl\system.vpi";
:vpi_module "C:\iverilog\lib\ivl\vhdl_sys.vpi";
:vpi_module "C:\iverilog\lib\ivl\vhdl_textio.vpi";
:vpi_module "C:\iverilog\lib\ivl\v2005_math.vpi";
:vpi_module "C:\iverilog\lib\ivl\va_math.vpi";
:vpi_module "C:\iverilog\lib\ivl\v2009.vpi";
S_00000231d13d2940 .scope package, "$unit" "$unit" 2 1;
 .timescale 0 0;
S_00000231d13d2ad0 .scope module, "ccl" "ccl" 3 4;
 .timescale -9 -12;
    .port_info 0 /INPUT 1 "clk_in";
    .port_info 1 /INPUT 1 "rst_in";
    .port_info 2 /INPUT 11 "x_in";
    .port_info 3 /INPUT 10 "y_in";
    .port_info 4 /INPUT 1 "mask_in";
    .port_info 5 /INPUT 1 "new_frame_in";
    .port_info 6 /INPUT 1 "valid_in";
    .port_info 7 /OUTPUT 1 "valid_out";
    .port_info 8 /OUTPUT 1 "busy_out";
    .port_info 9 /OUTPUT 48 "blob_labels";
    .port_info 10 /OUTPUT 11 "x_out";
    .port_info 11 /OUTPUT 10 "y_out";
    .port_info 12 /OUTPUT 48 "area_out";
    .port_info 13 /OUTPUT 48 "com_x_out";
    .port_info 14 /OUTPUT 48 "com_y_out";
    .port_info 15 /OUTPUT 16 "curr_pix_label";
    .port_info 16 /OUTPUT 1 "curr_pix_valid";
P_00000231d1490820 .param/l "FB_DEPTH" 1 3 113, +C4<0000000000000000000000000000000000000000000000001110000100000000>;
P_00000231d1490858 .param/l "FB_SIZE" 1 3 114, +C4<00000000000000000000000000010000>;
P_00000231d1490890 .param/l "HEIGHT" 0 3 6, +C4<00000000000000000000000010110100>;
P_00000231d14908c8 .param/l "LABEL_WIDTH" 0 3 33, +C4<00000000000000000000000000000110>;
P_00000231d1490900 .param/l "MAX_LABELS" 0 3 7, +C4<00000000000000000000000001000000>;
P_00000231d1490938 .param/l "MIN_AREA" 0 3 8, +C4<00000000000000000000000000110010>;
P_00000231d1490970 .param/l "WIDTH" 0 3 5, +C4<00000000000000000000000101000000>;
enum00000231d1457ce0 .enum2/s (32)
   "IDLE" 0,
   "STORE_FRAME" 1,
   "FIRST_PASS" 2,
   "RESOLVE_EQUIV" 3,
   "PROPERTY_CALC" 4,
   "STORE_IN_ARRS" 5,
   "PRUNE" 6,
   "TL_FRAME" 7,
   "OUTPUT" 8
 ;
v00000231d13d2da0_0 .var "addra_label", 15 0;
v00000231d13d2ef0_0 .var "addra_mask", 15 0;
v00000231d14f10a0_0 .var "addrb_label", 15 0;
v00000231d14f1140_0 .var "addrb_mask", 15 0;
v00000231d14f11e0_0 .var "area_out", 47 0;
v00000231d14f1280_0 .var "area_table", 1039 0;
v00000231d14f1320_0 .var "areas", 1039 0;
v00000231d14b7bb0_0 .var "blob_labels", 47 0;
v00000231d14b72f0_0 .var "bram_wait", 1 0;
v00000231d14b7c50_0 .var "busy_out", 0 0;
o00000231d14c0298 .functor BUFZ 1, C4<z>; HiZ drive
v00000231d14b76b0_0 .net "clk_in", 0 0, o00000231d14c0298;  0 drivers
v00000231d14b7430_0 .var "com_div_busy", 0 0;
v00000231d14b71b0_0 .var "com_x_out", 47 0;
v00000231d14b7f70_0 .var "com_y_out", 47 0;
v00000231d14b7250_0 .var "curr_label", 5 0;
v00000231d14b7b10_0 .var "curr_pix_label", 15 0;
v00000231d14b7390_0 .var "curr_pix_valid", 0 0;
v00000231d14b7d90_0 .var "curr_x", 10 0;
v00000231d14b79d0_0 .var "curr_y", 9 0;
v00000231d14b7070_0 .var "equiv_table", 389 0;
v00000231d14b7890_0 .var "label_a_out", 5 0;
v00000231d14b7110_0 .var "label_b_out", 5 0;
v00000231d14b74d0_0 .var "label_counter", 15 0;
v00000231d14b77f0_0 .var "label_tl", 5 0;
v00000231d14b7930_0 .var "largest_areas", 47 0;
v00000231d14b7750_0 .var "largest_labels", 17 0;
v00000231d14b7cf0_0 .var "largest_smallest", 0 0;
v00000231d14b7570_0 .var "largest_smallest_ind", 2 0;
v00000231d14b7610_0 .var "largest_x_coms", 26 0;
v00000231d14b7a70_0 .var "largest_y_coms", 23 0;
v00000231d14b7e30_0 .var "mask_a_out", 0 0;
o00000231d14c0688 .functor BUFZ 1, C4<z>; HiZ drive
v00000231d14b7ed0_0 .net "mask_in", 0 0, o00000231d14c0688;  0 drivers
v00000231d14b9160_0 .var "max_passes", 5 0;
v00000231d14b9660_0 .var "min_label", 5 0;
v00000231d14b8bc0_0 .var "n_pixel_label", 15 0;
v00000231d14b90c0_0 .var "ne_pixel_label", 15 0;
o00000231d14c0778 .functor BUFZ 1, C4<z>; HiZ drive
v00000231d14b8080_0 .net "new_frame_in", 0 0, o00000231d14c0778;  0 drivers
v00000231d14b8120_0 .var "nw_pixel_label", 15 0;
v00000231d14b89e0_0 .var "prune_iter", 6 0;
v00000231d14b9c00_0 .var "read_neighbor_wait", 2 0;
v00000231d14b9a20_0 .var "read_signal", 0 0;
v00000231d14b9b60_0 .var "read_wait_tl", 1 0;
v00000231d14b9ac0_0 .var "resolve_index", 5 0;
v00000231d14b9ca0_0 .var "resolve_pass", 5 0;
o00000231d14c08f8 .functor BUFZ 1, C4<z>; HiZ drive
v00000231d14b9480_0 .net "rst_in", 0 0, o00000231d14c08f8;  0 drivers
v00000231d14b8a80_0 .var "second_pass_labels", 389 0;
v00000231d14b8b20_0 .var/2s "state", 31 0;
v00000231d14b8ee0_0 .var "store_label", 5 0;
v00000231d14b9340_0 .var "sum_x_table", 1559 0;
v00000231d14b9f20_0 .var "sum_y_table", 1559 0;
o00000231d14c0a18 .functor BUFZ 1, C4<z>; HiZ drive
v00000231d14b9700_0 .net "valid_in", 0 0, o00000231d14c0a18;  0 drivers
v00000231d14b98e0_0 .var "valid_label_tl", 0 0;
v00000231d14b9200_0 .var "valid_out", 0 0;
v00000231d14b9980_0 .var "w_pixel_label", 15 0;
v00000231d14b95c0_0 .var "x_div_begin", 0 0;
v00000231d14b8e40_0 .var "x_div_out_valid", 0 0;
v00000231d14b8c60_0 .var "x_div_out_waiting", 0 0;
v00000231d14b9d40_0 .var "x_dividend", 23 0;
v00000231d14b9de0_0 .var "x_divisor", 15 0;
o00000231d14c0bc8 .functor BUFZ 11, C4<zzzzzzzzzzz>; HiZ drive
v00000231d14b8d00_0 .net "x_in", 10 0, o00000231d14c0bc8;  0 drivers
v00000231d14b9520_0 .var "x_out", 10 0;
v00000231d14b9e80_0 .var "x_quotient", 8 0;
v00000231d14b8f80_0 .var "x_sums", 1559 0;
v00000231d14b8da0_0 .var "x_tl", 8 0;
v00000231d14b81c0_0 .var "y_div_begin", 0 0;
v00000231d14b8260_0 .var "y_div_out_valid", 0 0;
v00000231d14b97a0_0 .var "y_div_out_waiting", 0 0;
v00000231d14b93e0_0 .var "y_dividend", 23 0;
v00000231d14b9020_0 .var "y_divisor", 15 0;
o00000231d14c0da8 .functor BUFZ 10, C4<zzzzzzzzzz>; HiZ drive
v00000231d14b8300_0 .net "y_in", 9 0, o00000231d14c0da8;  0 drivers
v00000231d14b8620_0 .var "y_out", 9 0;
v00000231d14b83a0_0 .var "y_quotient", 7 0;
v00000231d14b8580_0 .var "y_sums", 1559 0;
v00000231d14b9840_0 .var "y_tl", 7 0;
E_00000231d1488d90/0 .event anyedge, v00000231d14b9480_0, v00000231d14b8b20_0, v00000231d14b8d00_0, v00000231d14b8300_0;
E_00000231d1488d90/1 .event anyedge, v00000231d14b7d90_0, v00000231d14b79d0_0, v00000231d14b7e30_0, v00000231d14b9a20_0;
E_00000231d1488d90/2 .event anyedge, v00000231d14b9c00_0, v00000231d14b7890_0, v00000231d14b7110_0, v00000231d14b9660_0;
E_00000231d1488d90/3 .event anyedge, v00000231d14b7250_0, v00000231d14b8da0_0, v00000231d14b9840_0, v00000231d14b7070_0;
E_00000231d1488d90 .event/or E_00000231d1488d90/0, E_00000231d1488d90/1, E_00000231d1488d90/2, E_00000231d1488d90/3;
E_00000231d1488c50/0 .event anyedge, v00000231d14b9480_0, v00000231d14b7750_0, v00000231d14b7930_0, v00000231d14b7610_0;
E_00000231d1488c50/1 .event anyedge, v00000231d14b7a70_0, v00000231d14b77f0_0, v00000231d14b98e0_0, v00000231d14b8da0_0;
E_00000231d1488c50/2 .event anyedge, v00000231d14b9840_0;
E_00000231d1488c50 .event/or E_00000231d1488c50/0, E_00000231d1488c50/1, E_00000231d1488c50/2;
E_00000231d1488750 .event posedge, v00000231d14b76b0_0;
S_00000231d14909b0 .scope begin, "$ivl_for_loop0" "$ivl_for_loop0" 3 148, 3 148 0, S_00000231d13d2ad0;
 .timescale -9 -12;
v00000231d13d3060_0 .var/2s "i", 31 0;
    .scope S_00000231d13d2ad0;
T_0 ;
    %wait E_00000231d1488750;
    %load/vec4 v00000231d14b9480_0;
    %flag_set/vec4 8;
    %jmp/0xz  T_0.0, 8;
    %pushi/vec4 0, 0, 32;
    %assign/vec4 v00000231d14b8b20_0, 0;
    %pushi/vec4 0, 0, 390;
    %assign/vec4 v00000231d14b8a80_0, 0;
    %pushi/vec4 0, 0, 2;
    %assign/vec4 v00000231d14b72f0_0, 0;
    %pushi/vec4 1, 0, 1;
    %assign/vec4 v00000231d14b9a20_0, 0;
    %pushi/vec4 0, 0, 1;
    %assign/vec4 v00000231d14b7c50_0, 0;
    %pushi/vec4 0, 0, 1;
    %assign/vec4 v00000231d14b9200_0, 0;
    %pushi/vec4 0, 0, 48;
    %assign/vec4 v00000231d14b7bb0_0, 0;
    %pushi/vec4 0, 0, 6;
    %assign/vec4 v00000231d14b7250_0, 0;
    %pushi/vec4 0, 0, 16;
    %assign/vec4 v00000231d14b74d0_0, 0;
    %fork t_1, S_00000231d14909b0;
    %jmp t_0;
    .scope S_00000231d14909b0;
t_1 ;
    %pushi/vec4 0, 0, 32;
    %store/vec4 v00000231d13d3060_0, 0, 32;
T_0.2 ;
    %load/vec4 v00000231d13d3060_0;
    %cmpi/s 16, 0, 32;
    %jmp/0xz T_0.3, 5;
    %load/vec4 v00000231d13d3060_0;
    %pad/s 6;
    %ix/load 5, 0, 0;
    %load/vec4 v00000231d13d3060_0;
    %pad/s 35;
    %muli 6, 0, 35;
    %ix/vec4/s 4;
    %assign/vec4/off/d v00000231d14b7070_0, 4, 5;
    %pushi/vec4 0, 0, 16;
    %ix/load 5, 0, 0;
    %load/vec4 v00000231d13d3060_0;
    %pad/s 36;
    %muli 16, 0, 36;
    %ix/vec4/s 4;
    %assign/vec4/off/d v00000231d14f1280_0, 4, 5;
    %pushi/vec4 0, 0, 24;
    %ix/load 5, 0, 0;
    %load/vec4 v00000231d13d3060_0;
    %pad/s 37;
    %muli 24, 0, 37;
    %ix/vec4/s 4;
    %assign/vec4/off/d v00000231d14b9340_0, 4, 5;
    %pushi/vec4 0, 0, 24;
    %ix/load 5, 0, 0;
    %load/vec4 v00000231d13d3060_0;
    %pad/s 37;
    %muli 24, 0, 37;
    %ix/vec4/s 4;
    %assign/vec4/off/d v00000231d14b9f20_0, 4, 5;
    %load/vec4 v00000231d13d3060_0;
    %addi 1, 0, 32;
    %cast2;
    %store/vec4 v00000231d13d3060_0, 0, 32;
    %jmp T_0.2;
T_0.3 ;
    %end;
    .scope S_00000231d13d2ad0;
t_0 %join;
    %jmp T_0.1;
T_0.0 ;
    %load/vec4 v00000231d14b8b20_0;
    %dup/vec4;
    %pushi/vec4 0, 0, 32;
    %cmp/u;
    %jmp/1 T_0.4, 6;
    %dup/vec4;
    %pushi/vec4 1, 0, 32;
    %cmp/u;
    %jmp/1 T_0.5, 6;
    %dup/vec4;
    %pushi/vec4 2, 0, 32;
    %cmp/u;
    %jmp/1 T_0.6, 6;
    %dup/vec4;
    %pushi/vec4 3, 0, 32;
    %cmp/u;
    %jmp/1 T_0.7, 6;
    %dup/vec4;
    %pushi/vec4 4, 0, 32;
    %cmp/u;
    %jmp/1 T_0.8, 6;
    %dup/vec4;
    %pushi/vec4 5, 0, 32;
    %cmp/u;
    %jmp/1 T_0.9, 6;
    %dup/vec4;
    %pushi/vec4 6, 0, 32;
    %cmp/u;
    %jmp/1 T_0.10, 6;
    %dup/vec4;
    %pushi/vec4 7, 0, 32;
    %cmp/u;
    %jmp/1 T_0.11, 6;
    %dup/vec4;
    %pushi/vec4 8, 0, 32;
    %cmp/u;
    %jmp/1 T_0.12, 6;
    %jmp T_0.13;
T_0.4 ;
    %pushi/vec4 0, 0, 1;
    %assign/vec4 v00000231d14b9200_0, 0;
    %load/vec4 v00000231d14b8080_0;
    %flag_set/vec4 8;
    %jmp/0xz  T_0.14, 8;
    %pushi/vec4 1, 0, 32;
    %assign/vec4 v00000231d14b8b20_0, 0;
    %pushi/vec4 1, 0, 1;
    %assign/vec4 v00000231d14b7c50_0, 0;
T_0.14 ;
    %jmp T_0.13;
T_0.5 ;
    %load/vec4 v00000231d14b8d00_0;
    %pad/u 32;
    %cmpi/e 319, 0, 32;
    %flag_get/vec4 4;
    %jmp/0 T_0.18, 4;
    %load/vec4 v00000231d14b8300_0;
    %pad/u 32;
    %pushi/vec4 179, 0, 32;
    %cmp/e;
    %flag_get/vec4 4;
    %and;
T_0.18;
    %flag_set/vec4 8;
    %jmp/0xz  T_0.16, 8;
    %pushi/vec4 2, 0, 32;
    %assign/vec4 v00000231d14b8b20_0, 0;
    %pushi/vec4 0, 0, 11;
    %assign/vec4 v00000231d14b7d90_0, 0;
    %pushi/vec4 0, 0, 10;
    %assign/vec4 v00000231d14b79d0_0, 0;
    %pushi/vec4 1, 0, 6;
    %assign/vec4 v00000231d14b7250_0, 0;
    %pushi/vec4 0, 0, 2;
    %assign/vec4 v00000231d14b72f0_0, 0;
    %pushi/vec4 0, 0, 3;
    %assign/vec4 v00000231d14b9c00_0, 0;
T_0.16 ;
    %jmp T_0.13;
T_0.6 ;
    %load/vec4 v00000231d14b72f0_0;
    %pad/u 32;
    %cmpi/u 2, 0, 32;
    %jmp/0xz  T_0.19, 5;
    %load/vec4 v00000231d14b72f0_0;
    %addi 1, 0, 2;
    %assign/vec4 v00000231d14b72f0_0, 0;
    %jmp T_0.20;
T_0.19 ;
    %pushi/vec4 0, 0, 2;
    %assign/vec4 v00000231d14b72f0_0, 0;
    %load/vec4 v00000231d14b7e30_0;
    %flag_set/vec4 8;
    %jmp/0xz  T_0.21, 8;
    %load/vec4 v00000231d14b9c00_0;
    %pad/u 32;
    %cmpi/u 6, 0, 32;
    %jmp/0xz  T_0.23, 5;
    %load/vec4 v00000231d14b9c00_0;
    %addi 1, 0, 3;
    %assign/vec4 v00000231d14b9c00_0, 0;
    %jmp T_0.24;
T_0.23 ;
    %load/vec4 v00000231d14b9a20_0;
    %flag_set/vec4 8;
    %jmp/0xz  T_0.25, 8;
    %load/vec4 v00000231d14b9980_0;
    %pad/u 32;
    %cmpi/u 0, 0, 32;
    %flag_or 5, 4; GT is !LE
    %flag_inv 5;
    %flag_get/vec4 5;
    %jmp/0 T_0.31, 5;
    %load/vec4 v00000231d14b9980_0;
    %load/vec4 v00000231d14b8120_0;
    %cmp/u;
    %flag_get/vec4 4;
    %flag_get/vec4 5;
    %or;
    %and;
T_0.31;
    %flag_set/vec4 10;
    %flag_get/vec4 10;
    %jmp/0 T_0.30, 10;
    %load/vec4 v00000231d14b9980_0;
    %load/vec4 v00000231d14b8bc0_0;
    %cmp/u;
    %flag_get/vec4 4;
    %flag_get/vec4 5;
    %or;
    %and;
T_0.30;
    %flag_set/vec4 9;
    %flag_get/vec4 9;
    %jmp/0 T_0.29, 9;
    %load/vec4 v00000231d14b9980_0;
    %load/vec4 v00000231d14b90c0_0;
    %cmp/u;
    %flag_get/vec4 4;
    %flag_get/vec4 5;
    %or;
    %and;
T_0.29;
    %flag_set/vec4 8;
    %jmp/0xz  T_0.27, 8;
    %load/vec4 v00000231d14b9980_0;
    %pad/u 6;
    %assign/vec4 v00000231d14b9660_0, 0;
    %jmp T_0.28;
T_0.27 ;
    %load/vec4 v00000231d14b8120_0;
    %pad/u 32;
    %cmpi/u 0, 0, 32;
    %flag_or 5, 4; GT is !LE
    %flag_inv 5;
    %flag_get/vec4 5;
    %jmp/0 T_0.36, 5;
    %load/vec4 v00000231d14b8120_0;
    %load/vec4 v00000231d14b9980_0;
    %cmp/u;
    %flag_get/vec4 4;
    %flag_get/vec4 5;
    %or;
    %and;
T_0.36;
    %flag_set/vec4 10;
    %flag_get/vec4 10;
    %jmp/0 T_0.35, 10;
    %load/vec4 v00000231d14b8120_0;
    %load/vec4 v00000231d14b8bc0_0;
    %cmp/u;
    %flag_get/vec4 4;
    %flag_get/vec4 5;
    %or;
    %and;
T_0.35;
    %flag_set/vec4 9;
    %flag_get/vec4 9;
    %jmp/0 T_0.34, 9;
    %load/vec4 v00000231d14b8120_0;
    %load/vec4 v00000231d14b90c0_0;
    %cmp/u;
    %flag_get/vec4 4;
    %flag_get/vec4 5;
    %or;
    %and;
T_0.34;
    %flag_set/vec4 8;
    %jmp/0xz  T_0.32, 8;
    %load/vec4 v00000231d14b8120_0;
    %pad/u 6;
    %assign/vec4 v00000231d14b9660_0, 0;
    %jmp T_0.33;
T_0.32 ;
    %load/vec4 v00000231d14b8bc0_0;
    %pad/u 32;
    %cmpi/u 0, 0, 32;
    %flag_or 5, 4; GT is !LE
    %flag_inv 5;
    %flag_get/vec4 5;
    %jmp/0 T_0.41, 5;
    %load/vec4 v00000231d14b8bc0_0;
    %load/vec4 v00000231d14b9980_0;
    %cmp/u;
    %flag_get/vec4 4;
    %flag_get/vec4 5;
    %or;
    %and;
T_0.41;
    %flag_set/vec4 10;
    %flag_get/vec4 10;
    %jmp/0 T_0.40, 10;
    %load/vec4 v00000231d14b8bc0_0;
    %load/vec4 v00000231d14b8120_0;
    %cmp/u;
    %flag_get/vec4 4;
    %flag_get/vec4 5;
    %or;
    %and;
T_0.40;
    %flag_set/vec4 9;
    %flag_get/vec4 9;
    %jmp/0 T_0.39, 9;
    %load/vec4 v00000231d14b8bc0_0;
    %load/vec4 v00000231d14b90c0_0;
    %cmp/u;
    %flag_get/vec4 4;
    %flag_get/vec4 5;
    %or;
    %and;
T_0.39;
    %flag_set/vec4 8;
    %jmp/0xz  T_0.37, 8;
    %load/vec4 v00000231d14b8bc0_0;
    %pad/u 6;
    %assign/vec4 v00000231d14b9660_0, 0;
    %jmp T_0.38;
T_0.37 ;
    %load/vec4 v00000231d14b90c0_0;
    %pad/u 32;
    %cmpi/u 0, 0, 32;
    %flag_or 5, 4; GT is !LE
    %flag_inv 5;
    %flag_get/vec4 5;
    %jmp/0 T_0.46, 5;
    %load/vec4 v00000231d14b90c0_0;
    %load/vec4 v00000231d14b9980_0;
    %cmp/u;
    %flag_get/vec4 4;
    %flag_get/vec4 5;
    %or;
    %and;
T_0.46;
    %flag_set/vec4 10;
    %flag_get/vec4 10;
    %jmp/0 T_0.45, 10;
    %load/vec4 v00000231d14b90c0_0;
    %load/vec4 v00000231d14b8120_0;
    %cmp/u;
    %flag_get/vec4 4;
    %flag_get/vec4 5;
    %or;
    %and;
T_0.45;
    %flag_set/vec4 9;
    %flag_get/vec4 9;
    %jmp/0 T_0.44, 9;
    %load/vec4 v00000231d14b90c0_0;
    %load/vec4 v00000231d14b8bc0_0;
    %cmp/u;
    %flag_get/vec4 4;
    %flag_get/vec4 5;
    %or;
    %and;
T_0.44;
    %flag_set/vec4 8;
    %jmp/0xz  T_0.42, 8;
    %load/vec4 v00000231d14b90c0_0;
    %pad/u 6;
    %assign/vec4 v00000231d14b9660_0, 0;
    %jmp T_0.43;
T_0.42 ;
    %pushi/vec4 63, 0, 6;
    %assign/vec4 v00000231d14b9660_0, 0;
T_0.43 ;
T_0.38 ;
T_0.33 ;
T_0.28 ;
    %pushi/vec4 0, 0, 1;
    %assign/vec4 v00000231d14b9a20_0, 0;
    %jmp T_0.26;
T_0.25 ;
    %load/vec4 v00000231d14b9660_0;
    %pad/u 16;
    %cmpi/e 65535, 0, 16;
    %jmp/0xz  T_0.47, 4;
    %load/vec4 v00000231d14b7250_0;
    %ix/load 5, 0, 0;
    %load/vec4 v00000231d14b7250_0;
    %pad/u 64;
    %pad/u 67;
    %muli 6, 0, 67;
    %ix/vec4 4;
    %assign/vec4/off/d v00000231d14b7070_0, 4, 5;
    %load/vec4 v00000231d14f1280_0;
    %load/vec4 v00000231d14b7250_0;
    %pad/u 64;
    %pad/u 68;
    %muli 16, 0, 68;
    %part/u 16;
    %addi 1, 0, 16;
    %ix/load 5, 0, 0;
    %load/vec4 v00000231d14b7250_0;
    %pad/u 64;
    %pad/u 68;
    %muli 16, 0, 68;
    %ix/vec4 4;
    %assign/vec4/off/d v00000231d14f1280_0, 4, 5;
    %load/vec4 v00000231d14b9340_0;
    %load/vec4 v00000231d14b7250_0;
    %pad/u 64;
    %pad/u 69;
    %muli 24, 0, 69;
    %part/u 24;
    %load/vec4 v00000231d14b7d90_0;
    %pad/u 24;
    %add;
    %ix/load 5, 0, 0;
    %load/vec4 v00000231d14b7250_0;
    %pad/u 64;
    %pad/u 69;
    %muli 24, 0, 69;
    %ix/vec4 4;
    %assign/vec4/off/d v00000231d14b9340_0, 4, 5;
    %load/vec4 v00000231d14b9f20_0;
    %load/vec4 v00000231d14b7250_0;
    %pad/u 64;
    %pad/u 69;
    %muli 24, 0, 69;
    %part/u 24;
    %load/vec4 v00000231d14b79d0_0;
    %pad/u 24;
    %add;
    %ix/load 5, 0, 0;
    %load/vec4 v00000231d14b7250_0;
    %pad/u 64;
    %pad/u 69;
    %muli 24, 0, 69;
    %ix/vec4 4;
    %assign/vec4/off/d v00000231d14b9f20_0, 4, 5;
    %load/vec4 v00000231d14b7250_0;
    %addi 1, 0, 6;
    %assign/vec4 v00000231d14b7250_0, 0;
    %jmp T_0.48;
T_0.47 ;
    %load/vec4 v00000231d14f1280_0;
    %load/vec4 v00000231d14b9660_0;
    %pad/u 64;
    %pad/u 68;
    %muli 16, 0, 68;
    %part/u 16;
    %addi 1, 0, 16;
    %ix/load 5, 0, 0;
    %load/vec4 v00000231d14b9660_0;
    %pad/u 64;
    %pad/u 68;
    %muli 16, 0, 68;
    %ix/vec4 4;
    %assign/vec4/off/d v00000231d14f1280_0, 4, 5;
    %load/vec4 v00000231d14b9340_0;
    %load/vec4 v00000231d14b9660_0;
    %pad/u 64;
    %pad/u 69;
    %muli 24, 0, 69;
    %part/u 24;
    %load/vec4 v00000231d14b7d90_0;
    %pad/u 24;
    %add;
    %ix/load 5, 0, 0;
    %load/vec4 v00000231d14b9660_0;
    %pad/u 64;
    %pad/u 69;
    %muli 24, 0, 69;
    %ix/vec4 4;
    %assign/vec4/off/d v00000231d14b9340_0, 4, 5;
    %load/vec4 v00000231d14b9f20_0;
    %load/vec4 v00000231d14b9660_0;
    %pad/u 64;
    %pad/u 69;
    %muli 24, 0, 69;
    %part/u 24;
    %load/vec4 v00000231d14b79d0_0;
    %pad/u 24;
    %add;
    %ix/load 5, 0, 0;
    %load/vec4 v00000231d14b9660_0;
    %pad/u 64;
    %pad/u 69;
    %muli 24, 0, 69;
    %ix/vec4 4;
    %assign/vec4/off/d v00000231d14b9f20_0, 4, 5;
T_0.48 ;
    %pushi/vec4 1, 0, 1;
    %assign/vec4 v00000231d14b9a20_0, 0;
    %load/vec4 v00000231d14b7d90_0;
    %pad/u 32;
    %cmpi/e 319, 0, 32;
    %jmp/0xz  T_0.49, 4;
    %pushi/vec4 0, 0, 11;
    %assign/vec4 v00000231d14b7d90_0, 0;
    %load/vec4 v00000231d14b79d0_0;
    %pad/u 32;
    %cmpi/e 179, 0, 32;
    %jmp/0xz  T_0.51, 4;
    %pushi/vec4 3, 0, 32;
    %assign/vec4 v00000231d14b8b20_0, 0;
    %pushi/vec4 0, 0, 6;
    %assign/vec4 v00000231d14b9ac0_0, 0;
    %pushi/vec4 0, 0, 6;
    %assign/vec4 v00000231d14b9ca0_0, 0;
    %load/vec4 v00000231d14b7250_0;
    %assign/vec4 v00000231d14b9160_0, 0;
    %pushi/vec4 0, 0, 10;
    %assign/vec4 v00000231d14b79d0_0, 0;
    %jmp T_0.52;
T_0.51 ;
    %load/vec4 v00000231d14b79d0_0;
    %addi 1, 0, 10;
    %assign/vec4 v00000231d14b79d0_0, 0;
T_0.52 ;
    %jmp T_0.50;
T_0.49 ;
    %load/vec4 v00000231d14b7d90_0;
    %addi 1, 0, 11;
    %assign/vec4 v00000231d14b7d90_0, 0;
T_0.50 ;
T_0.26 ;
T_0.24 ;
    %jmp T_0.22;
T_0.21 ;
    %load/vec4 v00000231d14b7d90_0;
    %pad/u 32;
    %cmpi/e 319, 0, 32;
    %jmp/0xz  T_0.53, 4;
    %pushi/vec4 0, 0, 11;
    %assign/vec4 v00000231d14b7d90_0, 0;
    %load/vec4 v00000231d14b79d0_0;
    %pad/u 32;
    %cmpi/e 179, 0, 32;
    %jmp/0xz  T_0.55, 4;
    %pushi/vec4 3, 0, 32;
    %assign/vec4 v00000231d14b8b20_0, 0;
    %pushi/vec4 0, 0, 6;
    %assign/vec4 v00000231d14b9ac0_0, 0;
    %pushi/vec4 0, 0, 6;
    %assign/vec4 v00000231d14b9ca0_0, 0;
    %load/vec4 v00000231d14b7250_0;
    %assign/vec4 v00000231d14b9160_0, 0;
    %pushi/vec4 0, 0, 10;
    %assign/vec4 v00000231d14b79d0_0, 0;
    %jmp T_0.56;
T_0.55 ;
    %load/vec4 v00000231d14b79d0_0;
    %addi 1, 0, 10;
    %assign/vec4 v00000231d14b79d0_0, 0;
T_0.56 ;
    %jmp T_0.54;
T_0.53 ;
    %load/vec4 v00000231d14b7d90_0;
    %addi 1, 0, 11;
    %assign/vec4 v00000231d14b7d90_0, 0;
T_0.54 ;
T_0.22 ;
T_0.20 ;
    %jmp T_0.13;
T_0.7 ;
    %load/vec4 v00000231d14b7070_0;
    %load/vec4 v00000231d14b7070_0;
    %load/vec4 v00000231d14b9ac0_0;
    %pad/u 64;
    %pad/u 67;
    %muli 6, 0, 67;
    %part/u 6;
    %pad/u 64;
    %pad/u 67;
    %muli 6, 0, 67;
    %part/u 6;
    %ix/load 5, 0, 0;
    %load/vec4 v00000231d14b9ac0_0;
    %pad/u 64;
    %pad/u 67;
    %muli 6, 0, 67;
    %ix/vec4 4;
    %assign/vec4/off/d v00000231d14b7070_0, 4, 5;
    %load/vec4 v00000231d14b9ac0_0;
    %pad/u 32;
    %load/vec4 v00000231d14b7250_0;
    %pad/u 32;
    %subi 1, 0, 32;
    %cmp/e;
    %jmp/0xz  T_0.57, 4;
    %pushi/vec4 0, 0, 6;
    %assign/vec4 v00000231d14b9ac0_0, 0;
    %load/vec4 v00000231d14b9ca0_0;
    %addi 1, 0, 6;
    %assign/vec4 v00000231d14b9ca0_0, 0;
    %load/vec4 v00000231d14b9ca0_0;
    %load/vec4 v00000231d14b9160_0;
    %cmp/e;
    %jmp/0xz  T_0.59, 4;
    %pushi/vec4 4, 0, 32;
    %assign/vec4 v00000231d14b8b20_0, 0;
    %pushi/vec4 0, 0, 6;
    %assign/vec4 v00000231d14b9ac0_0, 0;
    %pushi/vec4 0, 0, 6;
    %assign/vec4 v00000231d14b9ca0_0, 0;
T_0.59 ;
    %jmp T_0.58;
T_0.57 ;
    %load/vec4 v00000231d14b9ac0_0;
    %addi 1, 0, 6;
    %assign/vec4 v00000231d14b9ac0_0, 0;
T_0.58 ;
    %jmp T_0.13;
T_0.8 ;
    %load/vec4 v00000231d14b9ac0_0;
    %load/vec4 v00000231d14b7070_0;
    %load/vec4 v00000231d14b9ac0_0;
    %pad/u 64;
    %pad/u 67;
    %muli 6, 0, 67;
    %part/u 6;
    %cmp/ne;
    %jmp/0xz  T_0.61, 4;
    %load/vec4 v00000231d14f1280_0;
    %load/vec4 v00000231d14b7070_0;
    %load/vec4 v00000231d14b9ac0_0;
    %pad/u 64;
    %pad/u 67;
    %muli 6, 0, 67;
    %part/u 6;
    %pad/u 64;
    %pad/u 68;
    %muli 16, 0, 68;
    %part/u 16;
    %load/vec4 v00000231d14f1280_0;
    %load/vec4 v00000231d14b9ac0_0;
    %pad/u 64;
    %pad/u 68;
    %muli 16, 0, 68;
    %part/u 16;
    %add;
    %ix/load 5, 0, 0;
    %load/vec4 v00000231d14b7070_0;
    %load/vec4 v00000231d14b9ac0_0;
    %pad/u 64;
    %pad/u 67;
    %muli 6, 0, 67;
    %part/u 6;
    %pad/u 64;
    %pad/u 68;
    %muli 16, 0, 68;
    %ix/vec4 4;
    %assign/vec4/off/d v00000231d14f1280_0, 4, 5;
    %load/vec4 v00000231d14b9340_0;
    %load/vec4 v00000231d14b7070_0;
    %load/vec4 v00000231d14b9ac0_0;
    %pad/u 64;
    %pad/u 67;
    %muli 6, 0, 67;
    %part/u 6;
    %pad/u 64;
    %pad/u 69;
    %muli 24, 0, 69;
    %part/u 24;
    %load/vec4 v00000231d14b9340_0;
    %load/vec4 v00000231d14b9ac0_0;
    %pad/u 64;
    %pad/u 69;
    %muli 24, 0, 69;
    %part/u 24;
    %add;
    %ix/load 5, 0, 0;
    %load/vec4 v00000231d14b7070_0;
    %load/vec4 v00000231d14b9ac0_0;
    %pad/u 64;
    %pad/u 67;
    %muli 6, 0, 67;
    %part/u 6;
    %pad/u 64;
    %pad/u 69;
    %muli 24, 0, 69;
    %ix/vec4 4;
    %assign/vec4/off/d v00000231d14b9340_0, 4, 5;
    %load/vec4 v00000231d14b9f20_0;
    %load/vec4 v00000231d14b7070_0;
    %load/vec4 v00000231d14b9ac0_0;
    %pad/u 64;
    %pad/u 67;
    %muli 6, 0, 67;
    %part/u 6;
    %pad/u 64;
    %pad/u 69;
    %muli 24, 0, 69;
    %part/u 24;
    %load/vec4 v00000231d14b9f20_0;
    %load/vec4 v00000231d14b9ac0_0;
    %pad/u 64;
    %pad/u 69;
    %muli 24, 0, 69;
    %part/u 24;
    %add;
    %ix/load 5, 0, 0;
    %load/vec4 v00000231d14b7070_0;
    %load/vec4 v00000231d14b9ac0_0;
    %pad/u 64;
    %pad/u 67;
    %muli 6, 0, 67;
    %part/u 6;
    %pad/u 64;
    %pad/u 69;
    %muli 24, 0, 69;
    %ix/vec4 4;
    %assign/vec4/off/d v00000231d14b9f20_0, 4, 5;
T_0.61 ;
    %load/vec4 v00000231d14b9ac0_0;
    %pad/u 32;
    %load/vec4 v00000231d14b7250_0;
    %pad/u 32;
    %subi 1, 0, 32;
    %cmp/e;
    %jmp/0xz  T_0.63, 4;
    %pushi/vec4 0, 0, 6;
    %assign/vec4 v00000231d14b9ac0_0, 0;
    %load/vec4 v00000231d14b9ca0_0;
    %addi 1, 0, 6;
    %assign/vec4 v00000231d14b9ca0_0, 0;
    %load/vec4 v00000231d14b9ca0_0;
    %load/vec4 v00000231d14b9160_0;
    %cmp/e;
    %jmp/0xz  T_0.65, 4;
    %pushi/vec4 5, 0, 32;
    %assign/vec4 v00000231d14b8b20_0, 0;
    %pushi/vec4 0, 0, 6;
    %assign/vec4 v00000231d14b9ac0_0, 0;
    %pushi/vec4 0, 0, 6;
    %assign/vec4 v00000231d14b9ca0_0, 0;
T_0.65 ;
    %jmp T_0.64;
T_0.63 ;
    %load/vec4 v00000231d14b9ac0_0;
    %addi 1, 0, 6;
    %assign/vec4 v00000231d14b9ac0_0, 0;
T_0.64 ;
    %jmp T_0.13;
T_0.9 ;
    %pushi/vec4 1, 0, 6;
    %ix/load 5, 0, 0;
    %load/vec4 v00000231d14b7070_0;
    %load/vec4 v00000231d14b9ac0_0;
    %pad/u 64;
    %pad/u 67;
    %muli 6, 0, 67;
    %part/u 6;
    %pad/u 64;
    %pad/u 67;
    %muli 6, 0, 67;
    %ix/vec4 4;
    %assign/vec4/off/d v00000231d14b8a80_0, 4, 5;
    %load/vec4 v00000231d14f1280_0;
    %load/vec4 v00000231d14b7070_0;
    %load/vec4 v00000231d14b9ac0_0;
    %pad/u 64;
    %pad/u 67;
    %muli 6, 0, 67;
    %part/u 6;
    %pad/u 64;
    %pad/u 68;
    %muli 16, 0, 68;
    %part/u 16;
    %ix/load 5, 0, 0;
    %load/vec4 v00000231d14b7070_0;
    %load/vec4 v00000231d14b9ac0_0;
    %pad/u 64;
    %pad/u 67;
    %muli 6, 0, 67;
    %part/u 6;
    %pad/u 64;
    %pad/u 68;
    %muli 16, 0, 68;
    %ix/vec4 4;
    %assign/vec4/off/d v00000231d14f1320_0, 4, 5;
    %load/vec4 v00000231d14b9340_0;
    %load/vec4 v00000231d14b7070_0;
    %load/vec4 v00000231d14b9ac0_0;
    %pad/u 64;
    %pad/u 67;
    %muli 6, 0, 67;
    %part/u 6;
    %pad/u 64;
    %pad/u 69;
    %muli 24, 0, 69;
    %part/u 24;
    %ix/load 5, 0, 0;
    %load/vec4 v00000231d14b7070_0;
    %load/vec4 v00000231d14b9ac0_0;
    %pad/u 64;
    %pad/u 67;
    %muli 6, 0, 67;
    %part/u 6;
    %pad/u 64;
    %pad/u 69;
    %muli 24, 0, 69;
    %ix/vec4 4;
    %assign/vec4/off/d v00000231d14b8f80_0, 4, 5;
    %load/vec4 v00000231d14b9f20_0;
    %load/vec4 v00000231d14b7070_0;
    %load/vec4 v00000231d14b9ac0_0;
    %pad/u 64;
    %pad/u 67;
    %muli 6, 0, 67;
    %part/u 6;
    %pad/u 64;
    %pad/u 69;
    %muli 24, 0, 69;
    %part/u 24;
    %ix/load 5, 0, 0;
    %load/vec4 v00000231d14b7070_0;
    %load/vec4 v00000231d14b9ac0_0;
    %pad/u 64;
    %pad/u 67;
    %muli 6, 0, 67;
    %part/u 6;
    %pad/u 64;
    %pad/u 69;
    %muli 24, 0, 69;
    %ix/vec4 4;
    %assign/vec4/off/d v00000231d14b8580_0, 4, 5;
    %load/vec4 v00000231d14b9ac0_0;
    %pad/u 32;
    %load/vec4 v00000231d14b7250_0;
    %pad/u 32;
    %subi 1, 0, 32;
    %cmp/e;
    %jmp/0xz  T_0.67, 4;
    %pushi/vec4 0, 0, 6;
    %assign/vec4 v00000231d14b9ac0_0, 0;
    %load/vec4 v00000231d14b9ca0_0;
    %addi 1, 0, 6;
    %assign/vec4 v00000231d14b9ca0_0, 0;
    %load/vec4 v00000231d14b9ca0_0;
    %load/vec4 v00000231d14b9160_0;
    %cmp/e;
    %jmp/0xz  T_0.69, 4;
    %pushi/vec4 6, 0, 32;
    %assign/vec4 v00000231d14b8b20_0, 0;
    %pushi/vec4 0, 0, 7;
    %assign/vec4 v00000231d14b89e0_0, 0;
    %pushi/vec4 0, 0, 1;
    %assign/vec4 v00000231d14b7430_0, 0;
    %pushi/vec4 0, 0, 1;
    %assign/vec4 v00000231d14b95c0_0, 0;
    %pushi/vec4 0, 0, 1;
    %assign/vec4 v00000231d14b81c0_0, 0;
    %pushi/vec4 0, 0, 24;
    %assign/vec4 v00000231d14b9d40_0, 0;
    %pushi/vec4 0, 0, 16;
    %assign/vec4 v00000231d14b9de0_0, 0;
    %pushi/vec4 0, 0, 24;
    %assign/vec4 v00000231d14b93e0_0, 0;
    %pushi/vec4 0, 0, 16;
    %assign/vec4 v00000231d14b9020_0, 0;
    %pushi/vec4 0, 0, 48;
    %assign/vec4 v00000231d14b7930_0, 0;
    %pushi/vec4 0, 0, 18;
    %assign/vec4 v00000231d14b7750_0, 0;
    %pushi/vec4 0, 0, 27;
    %assign/vec4 v00000231d14b7610_0, 0;
    %pushi/vec4 0, 0, 24;
    %assign/vec4 v00000231d14b7a70_0, 0;
    %pushi/vec4 0, 0, 1;
    %assign/vec4 v00000231d14b7cf0_0, 0;
    %pushi/vec4 0, 0, 3;
    %assign/vec4 v00000231d14b7570_0, 0;
T_0.69 ;
    %jmp T_0.68;
T_0.67 ;
    %load/vec4 v00000231d14b9ac0_0;
    %addi 1, 0, 6;
    %assign/vec4 v00000231d14b9ac0_0, 0;
T_0.68 ;
    %jmp T_0.13;
T_0.10 ;
    %load/vec4 v00000231d14b89e0_0;
    %pad/u 32;
    %cmpi/u 64, 0, 32;
    %flag_or 5, 4; GT is !LE
    %flag_inv 5;
    %jmp/0xz  T_0.71, 5;
    %pushi/vec4 7, 0, 32;
    %assign/vec4 v00000231d14b8b20_0, 0;
    %pushi/vec4 0, 0, 9;
    %assign/vec4 v00000231d14b8da0_0, 0;
    %pushi/vec4 0, 0, 8;
    %assign/vec4 v00000231d14b9840_0, 0;
    %pushi/vec4 0, 0, 2;
    %assign/vec4 v00000231d14b9b60_0, 0;
    %pushi/vec4 0, 0, 1;
    %assign/vec4 v00000231d14b98e0_0, 0;
    %jmp T_0.72;
T_0.71 ;
    %load/vec4 v00000231d14b7430_0;
    %nor/r;
    %flag_set/vec4 8;
    %jmp/0xz  T_0.73, 8;
    %load/vec4 v00000231d14b8a80_0;
    %load/vec4 v00000231d14b89e0_0;
    %pad/u 10;
    %muli 6, 0, 10;
    %part/u 6;
    %pad/u 32;
    %cmpi/e 1, 0, 32;
    %jmp/0xz  T_0.75, 4;
    %load/vec4 v00000231d14f1320_0;
    %load/vec4 v00000231d14b89e0_0;
    %pad/u 11;
    %muli 16, 0, 11;
    %part/u 16;
    %pad/u 32;
    %cmpi/u 50, 0, 32;
    %jmp/0xz  T_0.77, 5;
    %pushi/vec4 0, 0, 6;
    %ix/load 5, 0, 0;
    %load/vec4 v00000231d14b89e0_0;
    %pad/u 10;
    %muli 6, 0, 10;
    %ix/vec4 4;
    %assign/vec4/off/d v00000231d14b8a80_0, 4, 5;
    %load/vec4 v00000231d14b89e0_0;
    %addi 1, 0, 7;
    %assign/vec4 v00000231d14b89e0_0, 0;
    %jmp T_0.78;
T_0.77 ;
    %load/vec4 v00000231d14f1320_0;
    %load/vec4 v00000231d14b89e0_0;
    %pad/u 11;
    %muli 16, 0, 11;
    %part/u 16;
    %load/vec4 v00000231d14b7930_0;
    %parti/s 16, 0, 2;
    %cmp/u;
    %flag_or 5, 4;
    %flag_get/vec4 5;
    %jmp/0 T_0.82, 5;
    %load/vec4 v00000231d14f1320_0;
    %load/vec4 v00000231d14b89e0_0;
    %pad/u 11;
    %muli 16, 0, 11;
    %part/u 16;
    %load/vec4 v00000231d14b7930_0;
    %parti/s 16, 16, 6;
    %cmp/u;
    %flag_get/vec4 4;
    %flag_get/vec4 5;
    %or;
    %and;
T_0.82;
    %flag_set/vec4 9;
    %flag_get/vec4 9;
    %jmp/0 T_0.81, 9;
    %load/vec4 v00000231d14f1320_0;
    %load/vec4 v00000231d14b89e0_0;
    %pad/u 11;
    %muli 16, 0, 11;
    %part/u 16;
    %load/vec4 v00000231d14b7930_0;
    %parti/s 16, 32, 7;
    %cmp/u;
    %flag_get/vec4 4;
    %flag_get/vec4 5;
    %or;
    %and;
T_0.81;
    %flag_set/vec4 8;
    %jmp/0xz  T_0.79, 8;
    %load/vec4 v00000231d14b89e0_0;
    %addi 1, 0, 7;
    %assign/vec4 v00000231d14b89e0_0, 0;
    %jmp T_0.80;
T_0.79 ;
    %pushi/vec4 1, 0, 1;
    %assign/vec4 v00000231d14b7430_0, 0;
    %load/vec4 v00000231d14b8f80_0;
    %load/vec4 v00000231d14b89e0_0;
    %pad/u 12;
    %muli 24, 0, 12;
    %part/u 24;
    %assign/vec4 v00000231d14b9d40_0, 0;
    %load/vec4 v00000231d14f1320_0;
    %load/vec4 v00000231d14b89e0_0;
    %pad/u 11;
    %muli 16, 0, 11;
    %part/u 16;
    %assign/vec4 v00000231d14b9de0_0, 0;
    %load/vec4 v00000231d14b8580_0;
    %load/vec4 v00000231d14b89e0_0;
    %pad/u 12;
    %muli 24, 0, 12;
    %part/u 24;
    %assign/vec4 v00000231d14b93e0_0, 0;
    %load/vec4 v00000231d14f1320_0;
    %load/vec4 v00000231d14b89e0_0;
    %pad/u 11;
    %muli 16, 0, 11;
    %part/u 16;
    %assign/vec4 v00000231d14b9020_0, 0;
    %pushi/vec4 1, 0, 1;
    %assign/vec4 v00000231d14b95c0_0, 0;
    %pushi/vec4 1, 0, 1;
    %assign/vec4 v00000231d14b81c0_0, 0;
    %pushi/vec4 0, 0, 1;
    %assign/vec4 v00000231d14b8c60_0, 0;
    %pushi/vec4 0, 0, 1;
    %assign/vec4 v00000231d14b97a0_0, 0;
    %load/vec4 v00000231d14b7930_0;
    %parti/s 16, 0, 2;
    %load/vec4 v00000231d14f1320_0;
    %load/vec4 v00000231d14b89e0_0;
    %pad/u 11;
    %muli 16, 0, 11;
    %part/u 16;
    %cmp/u;
    %flag_get/vec4 5;
    %jmp/0 T_0.86, 5;
    %load/vec4 v00000231d14b7930_0;
    %parti/s 16, 0, 2;
    %load/vec4 v00000231d14b7930_0;
    %parti/s 16, 16, 6;
    %cmp/u;
    %flag_get/vec4 4;
    %flag_get/vec4 5;
    %or;
    %and;
T_0.86;
    %flag_set/vec4 9;
    %flag_get/vec4 9;
    %jmp/0 T_0.85, 9;
    %load/vec4 v00000231d14b7930_0;
    %parti/s 16, 0, 2;
    %load/vec4 v00000231d14b7930_0;
    %parti/s 16, 32, 7;
    %cmp/u;
    %flag_get/vec4 4;
    %flag_get/vec4 5;
    %or;
    %and;
T_0.85;
    %flag_set/vec4 8;
    %jmp/0xz  T_0.83, 8;
    %pushi/vec4 1, 0, 1;
    %assign/vec4 v00000231d14b7cf0_0, 0;
    %pushi/vec4 0, 0, 3;
    %assign/vec4 v00000231d14b7570_0, 0;
    %load/vec4 v00000231d14f1320_0;
    %load/vec4 v00000231d14b89e0_0;
    %pad/u 11;
    %muli 16, 0, 11;
    %part/u 16;
    %ix/load 4, 0, 0;
    %ix/load 5, 0, 0;
    %flag_set/imm 4, 0;
    %assign/vec4/off/d v00000231d14b7930_0, 4, 5;
    %load/vec4 v00000231d14b8a80_0;
    %load/vec4 v00000231d14b89e0_0;
    %pad/u 10;
    %muli 6, 0, 10;
    %part/u 6;
    %ix/load 4, 0, 0;
    %ix/load 5, 0, 0;
    %flag_set/imm 4, 0;
    %assign/vec4/off/d v00000231d14b7750_0, 4, 5;
    %jmp T_0.84;
T_0.83 ;
    %load/vec4 v00000231d14b7930_0;
    %parti/s 16, 16, 6;
    %load/vec4 v00000231d14f1320_0;
    %load/vec4 v00000231d14b89e0_0;
    %pad/u 11;
    %muli 16, 0, 11;
    %part/u 16;
    %cmp/u;
    %flag_get/vec4 5;
    %jmp/0 T_0.90, 5;
    %load/vec4 v00000231d14b7930_0;
    %parti/s 16, 16, 6;
    %load/vec4 v00000231d14b7930_0;
    %parti/s 16, 0, 2;
    %cmp/u;
    %flag_get/vec4 4;
    %flag_get/vec4 5;
    %or;
    %and;
T_0.90;
    %flag_set/vec4 9;
    %flag_get/vec4 9;
    %jmp/0 T_0.89, 9;
    %load/vec4 v00000231d14b7930_0;
    %parti/s 16, 16, 6;
    %load/vec4 v00000231d14b7930_0;
    %parti/s 16, 32, 7;
    %cmp/u;
    %flag_get/vec4 4;
    %flag_get/vec4 5;
    %or;
    %and;
T_0.89;
    %flag_set/vec4 8;
    %jmp/0xz  T_0.87, 8;
    %pushi/vec4 1, 0, 1;
    %assign/vec4 v00000231d14b7cf0_0, 0;
    %pushi/vec4 1, 0, 3;
    %assign/vec4 v00000231d14b7570_0, 0;
    %load/vec4 v00000231d14f1320_0;
    %load/vec4 v00000231d14b89e0_0;
    %pad/u 11;
    %muli 16, 0, 11;
    %part/u 16;
    %ix/load 4, 16, 0;
    %ix/load 5, 0, 0;
    %flag_set/imm 4, 0;
    %assign/vec4/off/d v00000231d14b7930_0, 4, 5;
    %load/vec4 v00000231d14b8a80_0;
    %load/vec4 v00000231d14b89e0_0;
    %pad/u 10;
    %muli 6, 0, 10;
    %part/u 6;
    %ix/load 4, 6, 0;
    %ix/load 5, 0, 0;
    %flag_set/imm 4, 0;
    %assign/vec4/off/d v00000231d14b7750_0, 4, 5;
    %jmp T_0.88;
T_0.87 ;
    %load/vec4 v00000231d14b7930_0;
    %parti/s 16, 32, 7;
    %load/vec4 v00000231d14f1320_0;
    %load/vec4 v00000231d14b89e0_0;
    %pad/u 11;
    %muli 16, 0, 11;
    %part/u 16;
    %cmp/u;
    %flag_get/vec4 5;
    %jmp/0 T_0.94, 5;
    %load/vec4 v00000231d14b7930_0;
    %parti/s 16, 32, 7;
    %load/vec4 v00000231d14b7930_0;
    %parti/s 16, 0, 2;
    %cmp/u;
    %flag_get/vec4 4;
    %flag_get/vec4 5;
    %or;
    %and;
T_0.94;
    %flag_set/vec4 9;
    %flag_get/vec4 9;
    %jmp/0 T_0.93, 9;
    %load/vec4 v00000231d14b7930_0;
    %parti/s 16, 32, 7;
    %load/vec4 v00000231d14b7930_0;
    %parti/s 16, 16, 6;
    %cmp/u;
    %flag_get/vec4 4;
    %flag_get/vec4 5;
    %or;
    %and;
T_0.93;
    %flag_set/vec4 8;
    %jmp/0xz  T_0.91, 8;
    %pushi/vec4 1, 0, 1;
    %assign/vec4 v00000231d14b7cf0_0, 0;
    %pushi/vec4 2, 0, 3;
    %assign/vec4 v00000231d14b7570_0, 0;
    %load/vec4 v00000231d14f1320_0;
    %load/vec4 v00000231d14b89e0_0;
    %pad/u 11;
    %muli 16, 0, 11;
    %part/u 16;
    %ix/load 4, 32, 0;
    %ix/load 5, 0, 0;
    %flag_set/imm 4, 0;
    %assign/vec4/off/d v00000231d14b7930_0, 4, 5;
    %load/vec4 v00000231d14b8a80_0;
    %load/vec4 v00000231d14b89e0_0;
    %pad/u 10;
    %muli 6, 0, 10;
    %part/u 6;
    %ix/load 4, 12, 0;
    %ix/load 5, 0, 0;
    %flag_set/imm 4, 0;
    %assign/vec4/off/d v00000231d14b7750_0, 4, 5;
T_0.91 ;
T_0.88 ;
T_0.84 ;
T_0.80 ;
T_0.78 ;
    %jmp T_0.76;
T_0.75 ;
    %load/vec4 v00000231d14b89e0_0;
    %addi 1, 0, 7;
    %assign/vec4 v00000231d14b89e0_0, 0;
T_0.76 ;
    %jmp T_0.74;
T_0.73 ;
    %pushi/vec4 0, 0, 1;
    %assign/vec4 v00000231d14b95c0_0, 0;
    %pushi/vec4 0, 0, 1;
    %assign/vec4 v00000231d14b81c0_0, 0;
    %load/vec4 v00000231d14b8e40_0;
    %flag_set/vec4 9;
    %flag_get/vec4 9;
    %jmp/0 T_0.97, 9;
    %load/vec4 v00000231d14b8c60_0;
    %nor/r;
    %and;
T_0.97;
    %flag_set/vec4 8;
    %jmp/0xz  T_0.95, 8;
    %pushi/vec4 1, 0, 1;
    %assign/vec4 v00000231d14b8c60_0, 0;
    %load/vec4 v00000231d14b7cf0_0;
    %flag_set/vec4 8;
    %jmp/0xz  T_0.98, 8;
    %load/vec4 v00000231d14b9e80_0;
    %ix/load 5, 0, 0;
    %load/vec4 v00000231d14b7570_0;
    %pad/u 7;
    %muli 9, 0, 7;
    %ix/vec4 4;
    %assign/vec4/off/d v00000231d14b7610_0, 4, 5;
T_0.98 ;
T_0.95 ;
    %load/vec4 v00000231d14b8260_0;
    %flag_set/vec4 9;
    %flag_get/vec4 9;
    %jmp/0 T_0.102, 9;
    %load/vec4 v00000231d14b97a0_0;
    %nor/r;
    %and;
T_0.102;
    %flag_set/vec4 8;
    %jmp/0xz  T_0.100, 8;
    %pushi/vec4 1, 0, 1;
    %assign/vec4 v00000231d14b97a0_0, 0;
    %load/vec4 v00000231d14b7cf0_0;
    %flag_set/vec4 8;
    %jmp/0xz  T_0.103, 8;
    %load/vec4 v00000231d14b83a0_0;
    %ix/load 5, 0, 0;
    %load/vec4 v00000231d14b7570_0;
    %pad/u 6;
    %muli 8, 0, 6;
    %ix/vec4 4;
    %assign/vec4/off/d v00000231d14b7a70_0, 4, 5;
T_0.103 ;
T_0.100 ;
    %load/vec4 v00000231d14b8c60_0;
    %flag_set/vec4 9;
    %flag_get/vec4 9;
    %jmp/0 T_0.107, 9;
    %load/vec4 v00000231d14b97a0_0;
    %and;
T_0.107;
    %flag_set/vec4 8;
    %jmp/0xz  T_0.105, 8;
    %pushi/vec4 0, 0, 1;
    %assign/vec4 v00000231d14b7430_0, 0;
    %load/vec4 v00000231d14b89e0_0;
    %addi 1, 0, 7;
    %assign/vec4 v00000231d14b89e0_0, 0;
    %pushi/vec4 0, 0, 1;
    %assign/vec4 v00000231d14b7cf0_0, 0;
T_0.105 ;
T_0.74 ;
T_0.72 ;
    %jmp T_0.13;
T_0.11 ;
    %load/vec4 v00000231d14b9b60_0;
    %pad/u 32;
    %cmpi/e 2, 0, 32;
    %jmp/0xz  T_0.108, 4;
    %pushi/vec4 1, 0, 1;
    %assign/vec4 v00000231d14b98e0_0, 0;
    %pushi/vec4 0, 0, 2;
    %assign/vec4 v00000231d14b9b60_0, 0;
    %load/vec4 v00000231d14b8da0_0;
    %pad/u 32;
    %cmpi/e 319, 0, 32;
    %jmp/0xz  T_0.110, 4;
    %pushi/vec4 0, 0, 9;
    %assign/vec4 v00000231d14b8da0_0, 0;
    %load/vec4 v00000231d14b9840_0;
    %pad/u 32;
    %cmpi/e 179, 0, 32;
    %jmp/0xz  T_0.112, 4;
    %pushi/vec4 0, 0, 8;
    %assign/vec4 v00000231d14b9840_0, 0;
    %pushi/vec4 8, 0, 32;
    %assign/vec4 v00000231d14b8b20_0, 0;
    %jmp T_0.113;
T_0.112 ;
    %load/vec4 v00000231d14b9840_0;
    %addi 1, 0, 8;
    %assign/vec4 v00000231d14b9840_0, 0;
T_0.113 ;
    %jmp T_0.111;
T_0.110 ;
    %load/vec4 v00000231d14b8da0_0;
    %addi 1, 0, 9;
    %assign/vec4 v00000231d14b8da0_0, 0;
T_0.111 ;
    %jmp T_0.109;
T_0.108 ;
    %pushi/vec4 0, 0, 1;
    %assign/vec4 v00000231d14b98e0_0, 0;
    %load/vec4 v00000231d14b9b60_0;
    %addi 1, 0, 2;
    %assign/vec4 v00000231d14b9b60_0, 0;
T_0.109 ;
    %jmp T_0.13;
T_0.12 ;
    %pushi/vec4 0, 0, 1;
    %assign/vec4 v00000231d14b98e0_0, 0;
    %pushi/vec4 1, 0, 1;
    %assign/vec4 v00000231d14b9200_0, 0;
    %pushi/vec4 0, 0, 32;
    %assign/vec4 v00000231d14b8b20_0, 0;
    %pushi/vec4 0, 0, 1;
    %assign/vec4 v00000231d14b7c50_0, 0;
    %jmp T_0.13;
T_0.13 ;
    %pop/vec4 1;
T_0.1 ;
    %jmp T_0;
    .thread T_0;
    .scope S_00000231d13d2ad0;
T_1 ;
Ewait_0 .event/or E_00000231d1488c50, E_0x0;
    %wait Ewait_0;
    %load/vec4 v00000231d14b9480_0;
    %flag_set/vec4 8;
    %jmp/0xz  T_1.0, 8;
    %pushi/vec4 0, 0, 48;
    %store/vec4 v00000231d14b7bb0_0, 0, 48;
    %pushi/vec4 0, 0, 48;
    %store/vec4 v00000231d14f11e0_0, 0, 48;
    %pushi/vec4 0, 0, 48;
    %store/vec4 v00000231d14b71b0_0, 0, 48;
    %pushi/vec4 0, 0, 48;
    %store/vec4 v00000231d14b7f70_0, 0, 48;
    %pushi/vec4 0, 0, 16;
    %store/vec4 v00000231d14b7b10_0, 0, 16;
    %pushi/vec4 0, 0, 1;
    %store/vec4 v00000231d14b7390_0, 0, 1;
    %pushi/vec4 0, 0, 11;
    %store/vec4 v00000231d14b9520_0, 0, 11;
    %pushi/vec4 0, 0, 10;
    %store/vec4 v00000231d14b8620_0, 0, 10;
    %jmp T_1.1;
T_1.0 ;
    %load/vec4 v00000231d14b7750_0;
    %pad/u 48;
    %store/vec4 v00000231d14b7bb0_0, 0, 48;
    %load/vec4 v00000231d14b7930_0;
    %store/vec4 v00000231d14f11e0_0, 0, 48;
    %load/vec4 v00000231d14b7610_0;
    %pad/u 48;
    %store/vec4 v00000231d14b71b0_0, 0, 48;
    %load/vec4 v00000231d14b7a70_0;
    %pad/u 48;
    %store/vec4 v00000231d14b7f70_0, 0, 48;
    %load/vec4 v00000231d14b77f0_0;
    %pad/u 16;
    %store/vec4 v00000231d14b7b10_0, 0, 16;
    %load/vec4 v00000231d14b98e0_0;
    %store/vec4 v00000231d14b7390_0, 0, 1;
    %load/vec4 v00000231d14b8da0_0;
    %pad/u 11;
    %store/vec4 v00000231d14b9520_0, 0, 11;
    %load/vec4 v00000231d14b9840_0;
    %pad/u 10;
    %store/vec4 v00000231d14b8620_0, 0, 10;
T_1.1 ;
    %jmp T_1;
    .thread T_1, $push;
    .scope S_00000231d13d2ad0;
T_2 ;
Ewait_1 .event/or E_00000231d1488d90, E_0x0;
    %wait Ewait_1;
    %load/vec4 v00000231d14b9480_0;
    %flag_set/vec4 8;
    %jmp/0xz  T_2.0, 8;
    %pushi/vec4 0, 0, 16;
    %store/vec4 v00000231d13d2ef0_0, 0, 16;
    %pushi/vec4 0, 0, 16;
    %store/vec4 v00000231d14f1140_0, 0, 16;
    %pushi/vec4 0, 0, 16;
    %store/vec4 v00000231d13d2da0_0, 0, 16;
    %pushi/vec4 0, 0, 16;
    %store/vec4 v00000231d14f10a0_0, 0, 16;
    %pushi/vec4 0, 0, 6;
    %store/vec4 v00000231d14b8ee0_0, 0, 6;
    %jmp T_2.1;
T_2.0 ;
    %load/vec4 v00000231d14b8b20_0;
    %cmpi/e 1, 0, 32;
    %jmp/0xz  T_2.2, 4;
    %load/vec4 v00000231d14b8d00_0;
    %pad/u 32;
    %load/vec4 v00000231d14b8300_0;
    %pad/u 32;
    %muli 320, 0, 32;
    %add;
    %pad/u 16;
    %store/vec4 v00000231d13d2ef0_0, 0, 16;
    %jmp T_2.3;
T_2.2 ;
    %load/vec4 v00000231d14b8b20_0;
    %cmpi/e 2, 0, 32;
    %jmp/0xz  T_2.4, 4;
    %load/vec4 v00000231d14b7d90_0;
    %pad/u 32;
    %load/vec4 v00000231d14b79d0_0;
    %pad/u 32;
    %muli 320, 0, 32;
    %add;
    %pad/u 16;
    %store/vec4 v00000231d13d2ef0_0, 0, 16;
    %load/vec4 v00000231d14b7e30_0;
    %flag_set/vec4 8;
    %jmp/0xz  T_2.6, 8;
    %load/vec4 v00000231d14b9a20_0;
    %flag_set/vec4 8;
    %jmp/0xz  T_2.8, 8;
    %load/vec4 v00000231d14b9c00_0;
    %pad/u 32;
    %cmpi/e 0, 0, 32;
    %jmp/1 T_2.12, 4;
    %flag_mov 8, 4;
    %load/vec4 v00000231d14b9c00_0;
    %pad/u 32;
    %cmpi/e 1, 0, 32;
    %flag_or 4, 8;
T_2.12;
    %jmp/0xz  T_2.10, 4;
    %load/vec4 v00000231d14b7d90_0;
    %pad/u 32;
    %cmpi/ne 0, 0, 32;
    %flag_get/vec4 4;
    %jmp/0 T_2.15, 4;
    %load/vec4 v00000231d14b79d0_0;
    %pad/u 32;
    %pushi/vec4 0, 0, 32;
    %cmp/ne;
    %flag_get/vec4 4;
    %and;
T_2.15;
    %flag_set/vec4 8;
    %jmp/0 T_2.13, 8;
    %load/vec4 v00000231d14b7d90_0;
    %pad/u 32;
    %subi 1, 0, 32;
    %load/vec4 v00000231d14b79d0_0;
    %pad/u 32;
    %subi 1, 0, 32;
    %muli 320, 0, 32;
    %add;
    %jmp/1 T_2.14, 8;
T_2.13 ; End of true expr.
    %pushi/vec4 0, 0, 32;
    %jmp/0 T_2.14, 8;
 ; End of false expr.
    %blend;
T_2.14;
    %pad/u 16;
    %store/vec4 v00000231d13d2da0_0, 0, 16;
    %load/vec4 v00000231d14b79d0_0;
    %pad/u 32;
    %cmpi/ne 0, 0, 32;
    %flag_mov 8, 4;
    %jmp/0 T_2.16, 8;
    %load/vec4 v00000231d14b7d90_0;
    %pad/u 32;
    %load/vec4 v00000231d14b79d0_0;
    %pad/u 32;
    %subi 1, 0, 32;
    %muli 320, 0, 32;
    %add;
    %jmp/1 T_2.17, 8;
T_2.16 ; End of true expr.
    %pushi/vec4 0, 0, 32;
    %jmp/0 T_2.17, 8;
 ; End of false expr.
    %blend;
T_2.17;
    %pad/u 16;
    %store/vec4 v00000231d14f10a0_0, 0, 16;
    %jmp T_2.11;
T_2.10 ;
    %load/vec4 v00000231d14b9c00_0;
    %pad/u 32;
    %cmpi/e 2, 0, 32;
    %jmp/0xz  T_2.18, 4;
    %load/vec4 v00000231d14b7d90_0;
    %pad/u 32;
    %cmpi/ne 0, 0, 32;
    %flag_get/vec4 4;
    %jmp/0 T_2.22, 4;
    %load/vec4 v00000231d14b79d0_0;
    %pad/u 32;
    %pushi/vec4 0, 0, 32;
    %cmp/ne;
    %flag_get/vec4 4;
    %and;
T_2.22;
    %flag_set/vec4 8;
    %jmp/0 T_2.20, 8;
    %load/vec4 v00000231d14b7890_0;
    %pad/u 16;
    %jmp/1 T_2.21, 8;
T_2.20 ; End of true expr.
    %pushi/vec4 0, 0, 16;
    %jmp/0 T_2.21, 8;
 ; End of false expr.
    %blend;
T_2.21;
    %store/vec4 v00000231d14b8120_0, 0, 16;
    %load/vec4 v00000231d14b79d0_0;
    %pad/u 32;
    %cmpi/ne 0, 0, 32;
    %flag_mov 8, 4;
    %jmp/0 T_2.23, 8;
    %load/vec4 v00000231d14b7110_0;
    %pad/u 16;
    %jmp/1 T_2.24, 8;
T_2.23 ; End of true expr.
    %pushi/vec4 0, 0, 16;
    %jmp/0 T_2.24, 8;
 ; End of false expr.
    %blend;
T_2.24;
    %store/vec4 v00000231d14b8bc0_0, 0, 16;
    %jmp T_2.19;
T_2.18 ;
    %load/vec4 v00000231d14b9c00_0;
    %pad/u 32;
    %cmpi/e 3, 0, 32;
    %jmp/1 T_2.27, 4;
    %flag_mov 8, 4;
    %load/vec4 v00000231d14b9c00_0;
    %pad/u 32;
    %cmpi/e 4, 0, 32;
    %flag_or 4, 8;
T_2.27;
    %jmp/0xz  T_2.25, 4;
    %load/vec4 v00000231d14b7d90_0;
    %pad/u 32;
    %cmpi/ne 319, 0, 32;
    %flag_get/vec4 4;
    %jmp/0 T_2.30, 4;
    %load/vec4 v00000231d14b79d0_0;
    %pad/u 32;
    %pushi/vec4 0, 0, 32;
    %cmp/ne;
    %flag_get/vec4 4;
    %and;
T_2.30;
    %flag_set/vec4 8;
    %jmp/0 T_2.28, 8;
    %load/vec4 v00000231d14b7d90_0;
    %pad/u 32;
    %addi 1, 0, 32;
    %load/vec4 v00000231d14b79d0_0;
    %pad/u 32;
    %subi 1, 0, 32;
    %muli 320, 0, 32;
    %add;
    %jmp/1 T_2.29, 8;
T_2.28 ; End of true expr.
    %pushi/vec4 0, 0, 32;
    %jmp/0 T_2.29, 8;
 ; End of false expr.
    %blend;
T_2.29;
    %pad/u 16;
    %store/vec4 v00000231d13d2da0_0, 0, 16;
    %load/vec4 v00000231d14b7d90_0;
    %pad/u 32;
    %cmpi/ne 0, 0, 32;
    %flag_mov 8, 4;
    %jmp/0 T_2.31, 8;
    %load/vec4 v00000231d14b7d90_0;
    %pad/u 32;
    %subi 1, 0, 32;
    %load/vec4 v00000231d14b79d0_0;
    %pad/u 32;
    %muli 320, 0, 32;
    %add;
    %jmp/1 T_2.32, 8;
T_2.31 ; End of true expr.
    %pushi/vec4 0, 0, 32;
    %jmp/0 T_2.32, 8;
 ; End of false expr.
    %blend;
T_2.32;
    %pad/u 16;
    %store/vec4 v00000231d14f10a0_0, 0, 16;
    %jmp T_2.26;
T_2.25 ;
    %load/vec4 v00000231d14b9c00_0;
    %pad/u 32;
    %cmpi/e 5, 0, 32;
    %jmp/0xz  T_2.33, 4;
    %load/vec4 v00000231d14b7d90_0;
    %pad/u 32;
    %cmpi/ne 319, 0, 32;
    %flag_get/vec4 4;
    %jmp/0 T_2.37, 4;
    %load/vec4 v00000231d14b79d0_0;
    %pad/u 32;
    %pushi/vec4 0, 0, 32;
    %cmp/ne;
    %flag_get/vec4 4;
    %and;
T_2.37;
    %flag_set/vec4 8;
    %jmp/0 T_2.35, 8;
    %load/vec4 v00000231d14b7890_0;
    %pad/u 16;
    %jmp/1 T_2.36, 8;
T_2.35 ; End of true expr.
    %pushi/vec4 0, 0, 16;
    %jmp/0 T_2.36, 8;
 ; End of false expr.
    %blend;
T_2.36;
    %store/vec4 v00000231d14b90c0_0, 0, 16;
    %load/vec4 v00000231d14b7d90_0;
    %pad/u 32;
    %cmpi/ne 0, 0, 32;
    %flag_mov 8, 4;
    %jmp/0 T_2.38, 8;
    %load/vec4 v00000231d14b7110_0;
    %pad/u 16;
    %jmp/1 T_2.39, 8;
T_2.38 ; End of true expr.
    %pushi/vec4 0, 0, 16;
    %jmp/0 T_2.39, 8;
 ; End of false expr.
    %blend;
T_2.39;
    %store/vec4 v00000231d14b9980_0, 0, 16;
T_2.33 ;
T_2.26 ;
T_2.19 ;
T_2.11 ;
    %jmp T_2.9;
T_2.8 ;
    %load/vec4 v00000231d14b9660_0;
    %pad/u 16;
    %cmpi/e 65535, 0, 16;
    %jmp/0xz  T_2.40, 4;
    %load/vec4 v00000231d14b7250_0;
    %store/vec4 v00000231d14b8ee0_0, 0, 6;
    %jmp T_2.41;
T_2.40 ;
    %load/vec4 v00000231d14b9660_0;
    %store/vec4 v00000231d14b8ee0_0, 0, 6;
T_2.41 ;
    %load/vec4 v00000231d14b7d90_0;
    %pad/u 32;
    %load/vec4 v00000231d14b79d0_0;
    %pad/u 32;
    %muli 320, 0, 32;
    %add;
    %pad/u 16;
    %store/vec4 v00000231d13d2da0_0, 0, 16;
T_2.9 ;
T_2.6 ;
    %jmp T_2.5;
T_2.4 ;
    %load/vec4 v00000231d14b8b20_0;
    %cmpi/e 7, 0, 32;
    %jmp/0xz  T_2.42, 4;
    %load/vec4 v00000231d14b8da0_0;
    %pad/u 32;
    %load/vec4 v00000231d14b9840_0;
    %pad/u 32;
    %muli 320, 0, 32;
    %add;
    %pad/u 16;
    %store/vec4 v00000231d13d2da0_0, 0, 16;
    %load/vec4 v00000231d14b7070_0;
    %load/vec4 v00000231d14b7890_0;
    %pad/u 64;
    %pad/u 67;
    %muli 6, 0, 67;
    %part/u 6;
    %store/vec4 v00000231d14b77f0_0, 0, 6;
T_2.42 ;
T_2.5 ;
T_2.3 ;
T_2.1 ;
    %jmp T_2;
    .thread T_2, $push;
# The file index is used to find the file name in the following table.
:file_names 4;
    "N/A";
    "<interactive>";
    "-";
    "ccl.sv";
